Arguments: 
  C:\Program Files\nodejs\node.exe C:\Program Files (x86)\Yarn\bin\yarn.js

PATH: 
  C:\Users\13178\bin;C:\Program Files\Git\mingw64\bin;C:\Program Files\Git\usr\local\bin;C:\Program Files\Git\usr\bin;C:\Program Files\Git\usr\bin;C:\Program Files\Git\mingw64\bin;C:\Program Files\Git\usr\bin;C:\Users\13178\bin;C:\ProgramData\Oracle\Java\javapath;C:\program files\graphicsmagick-1.3.25-q16;C:\Program Files (x86)\Intel\iCLS Client;C:\Program Files\Intel\iCLS Client;C:\windows\system32;C:\windows;C:\windows\System32\Wbem;C:\windows\System32\WindowsPowerShell\v1.0;C:\Program Files (x86)\NVIDIA Corporation\PhysX\Common;C:\WINDOWS\system32;C:\WINDOWS;C:\WINDOWS\System32\Wbem;C:\WINDOWS\System32\WindowsPowerShell\v1.0;C:\Program Files (x86)\Intel\Intel(R) Management Engine Components\DAL;C:\Program Files\Intel\Intel(R) Management Engine Components\DAL;C:\Program Files (x86)\Intel\Intel(R) Management Engine Components\IPT;C:\Program Files\Intel\Intel(R) Management Engine Components\IPT;C:\Program Files\Samsung\SamsungLink\AllShare Framework DMS\bin;C:\Program Files\Git\cmd;C:\Program Files\nodejs;C:\Program Files\TortoiseSVN\bin;C:\Program Files (x86)\Yarn\bin;C:\Program Files (x86)\Yarn\bin;C:\Program Files\Java\jdk1.8.0_102\bin;C:\Users\13178\AppData\Local\Microsoft\WindowsApps;C:\Users\13178\AppData\Roaming\npm;C:\wamp\bin\php\php5.5.12;C:\Program Files\MongoDB\Server\3.4\bin;C:\Users\13178\AppData\Local\Yarn\.bin;C:\Program Files\Git\usr\bin\vendor_perl;C:\Program Files\Git\usr\bin\core_perl

Yarn version: 
  0.23.4

Node version: 
  6.10.0

Platform: 
  win32 x64

npm manifest: 
  {
    "name": "secretary",
    "version": "1.1.1",
    "description": "secretary: An Ionic project",
    "dependencies": {
      "gulp": "^3.5.6",
      "gulp-sass": "^2.0.4",
      "gulp-concat": "^2.2.0",
      "gulp-minify-css": "^0.3.0",
      "gulp-rename": "^1.2.0"
    },
    "devDependencies": {
      "bower": "^1.3.3",
      "gulp-util": "^2.2.14",
      "shelljs": "^0.3.0"
    },
    "cordovaPlugins": [
      "cordova-plugin-whitelist",
      "cordova-plugin-statusbar",
      "cordova-plugin-console",
      "cordova-plugin-device",
      "cordova-plugin-splashscreen",
      "ionic-plugin-keyboard"
    ],
    "cordovaPlatforms": [
      "ios",
      {
        "platform": "ios",
        "version": "",
        "locator": "ios"
      }
    ]
  }

yarn manifest: 
  No manifest

Lockfile: 
  No lockfile

Trace: 
  Error: connect ETIMEDOUT 104.16.62.173:443
      at Object.exports._errnoException (util.js:1022:11)
      at exports._exceptionWithHostPort (util.js:1045:20)
      at TCPConnectWrap.afterConnect [as oncomplete] (net.js:1087:14)
